Configuring filesystem-api-0.1.0.0...
Preprocessing library filesystem-api-0.1.0.0...
[1 of 6] Compiling Datatypes        ( src/Datatypes.hs, .stack-work/dist/x86_64-linux/Cabal-1.24.0.0/build/Datatypes.o )
[2 of 6] Compiling EncryptionAPI    ( src/EncryptionAPI.hs, .stack-work/dist/x86_64-linux/Cabal-1.24.0.0/build/EncryptionAPI.o )

src/EncryptionAPI.hs:94:15: warning: [-Wdeprecations]
    In the use of ‘initKey’ (imported from Crypto.Cipher.AES):
    Deprecated: "use initAES"

src/EncryptionAPI.hs:103:15: warning: [-Wdeprecations]
    In the use of ‘initKey’ (imported from Crypto.Cipher.AES):
    Deprecated: "use initAES"
[3 of 6] Compiling FilesystemAPI    ( src/FilesystemAPI.hs, .stack-work/dist/x86_64-linux/Cabal-1.24.0.0/build/FilesystemAPI.o )

src/FilesystemAPI.hs:95:19: error:
    Not in scope: ‘SC.runClientM’
    Neither ‘Servant.Client’ nor ‘Servant.API’ exports ‘runClientM’.

src/FilesystemAPI.hs:97:25: error:
    Not in scope: type constructor or class ‘SC.ClientEnv’
    Perhaps you meant one of these:
      ‘SC.Client’ (imported from Servant.Client),
      ‘SC.ClientM’ (imported from Servant.Client)
    Neither ‘Servant.Client’ nor ‘Servant.API’ exports ‘ClientEnv’.

src/FilesystemAPI.hs:100:14: error:
    Not in scope: data constructor ‘SC.ClientEnv’
    Neither ‘Servant.Client’ nor ‘Servant.API’ exports ‘ClientEnv’.
